#-----------------------------------------------------------
# Vivado v2020.1 (64-bit)
# SW Build 2902540 on Wed May 27 19:54:35 MDT 2020
# IP Build 2902112 on Wed May 27 22:43:36 MDT 2020
# Start of session at: Fri Jan  8 01:44:08 2021
# Process ID: 18463
# Current directory: /home/inje/workspace/vivado_inje/Week02
# Command line: vivado
# Log file: /home/inje/workspace/vivado_inje/Week02/vivado.log
# Journal file: /home/inje/workspace/vivado_inje/Week02/vivado.jou
#-----------------------------------------------------------
start_gui
open_project /home/inje/workspace/vivado_inje/Week02/week2/week2.xpr
Scanning sources...
Finished scanning sources
INFO: [IP_Flow 19-234] Refreshing IP repositories
INFO: [IP_Flow 19-1704] No user IP repositories specified
INFO: [IP_Flow 19-2313] Loaded Vivado IP repository '/tools/Xilinx/Vivado/2020.1/data/ip'.
WARNING: [IP_Flow 19-3899] Cannot get the environment domain name variable for the component vendor name. Setting the vendor name to 'user.org'.
update_compile_order -fileset sources_1
update_compile_order -fileset sources_1
update_compile_order -fileset sources_1
exit
INFO: [Common 17-206] Exiting Vivado at Fri Jan  8 03:13:28 2021...
